<?xml version="1.0" encoding="UTF-8"?>
<!-- Generated by org.testng.reporters.JUnitXMLReporter -->
<testsuite hostname="DESKTOP-9QHLOLF" ignored="0" name="Test" tests="5" failures="0" timestamp="17 Mar 2024 12:44:13 GMT" time="0.411" errors="0">
  <testcase name="@BeforeMethod LaunchApplication" time="0.006" classname="rahulshettybreakdown.testcomponent.BaseClass">
    <failure type="java.io.FileNotFoundException" message="C:\Users\SAYAN\eclipse-workspace_updated\RahulShettyBreakdown\src\main\java\rahulshettyframework\resources\GlobalData.properties (The system cannot find the path specified)">
      <![CDATA[java.io.FileNotFoundException: C:\Users\SAYAN\eclipse-workspace_updated\RahulShettyBreakdown\src\main\java\rahulshettyframework\resources\GlobalData.properties (The system cannot find the path specified)
at java.io.FileInputStream.open0(Native Method)
at java.io.FileInputStream.open(Unknown Source)
at java.io.FileInputStream.<init>(Unknown Source)
at java.io.FileInputStream.<init>(Unknown Source)
at rahulshettybreakdown.testcomponent.BaseClass.InitializeDriver(BaseClass.java:34)
at rahulshettybreakdown.testcomponent.BaseClass.LaunchApplication(BaseClass.java:66)
... Removed 28 stack frames]]>
    </failure>
  </testcase> <!-- @BeforeMethod LaunchApplication -->
  <testcase name="@AfterMethod tearDown" time="0.001" classname="rahulshettybreakdown.testcomponent.BaseClass">
    <failure type="java.lang.NullPointerException">
      <![CDATA[java.lang.NullPointerException
at rahulshettybreakdown.testcomponent.BaseClass.tearDown(BaseClass.java:76)
... Removed 28 stack frames]]>
    </failure>
  </testcase> <!-- @AfterMethod tearDown -->
  <testcase name="@BeforeMethod LaunchApplication" time="0.001" classname="rahulshettybreakdown.testcomponent.BaseClass">
    <failure type="java.io.FileNotFoundException" message="C:\Users\SAYAN\eclipse-workspace_updated\RahulShettyBreakdown\src\main\java\rahulshettyframework\resources\GlobalData.properties (The system cannot find the path specified)">
      <![CDATA[java.io.FileNotFoundException: C:\Users\SAYAN\eclipse-workspace_updated\RahulShettyBreakdown\src\main\java\rahulshettyframework\resources\GlobalData.properties (The system cannot find the path specified)
at java.io.FileInputStream.open0(Native Method)
at java.io.FileInputStream.open(Unknown Source)
at java.io.FileInputStream.<init>(Unknown Source)
at java.io.FileInputStream.<init>(Unknown Source)
at rahulshettybreakdown.testcomponent.BaseClass.InitializeDriver(BaseClass.java:34)
at rahulshettybreakdown.testcomponent.BaseClass.LaunchApplication(BaseClass.java:66)
... Removed 28 stack frames]]>
    </failure>
  </testcase> <!-- @BeforeMethod LaunchApplication -->
  <testcase name="@AfterMethod tearDown" time="0.0" classname="rahulshettybreakdown.testcomponent.BaseClass">
    <failure type="java.lang.NullPointerException">
      <![CDATA[java.lang.NullPointerException
at rahulshettybreakdown.testcomponent.BaseClass.tearDown(BaseClass.java:76)
... Removed 28 stack frames]]>
    </failure>
  </testcase> <!-- @AfterMethod tearDown -->
  <testcase name="@BeforeMethod LaunchApplication" time="0.001" classname="rahulshettybreakdown.testcomponent.BaseClass">
    <failure type="java.io.FileNotFoundException" message="C:\Users\SAYAN\eclipse-workspace_updated\RahulShettyBreakdown\src\main\java\rahulshettyframework\resources\GlobalData.properties (The system cannot find the path specified)">
      <![CDATA[java.io.FileNotFoundException: C:\Users\SAYAN\eclipse-workspace_updated\RahulShettyBreakdown\src\main\java\rahulshettyframework\resources\GlobalData.properties (The system cannot find the path specified)
at java.io.FileInputStream.open0(Native Method)
at java.io.FileInputStream.open(Unknown Source)
at java.io.FileInputStream.<init>(Unknown Source)
at java.io.FileInputStream.<init>(Unknown Source)
at rahulshettybreakdown.testcomponent.BaseClass.InitializeDriver(BaseClass.java:34)
at rahulshettybreakdown.testcomponent.BaseClass.LaunchApplication(BaseClass.java:66)
... Removed 28 stack frames]]>
    </failure>
  </testcase> <!-- @BeforeMethod LaunchApplication -->
  <testcase name="@AfterMethod tearDown" time="0.0" classname="rahulshettybreakdown.testcomponent.BaseClass">
    <failure type="java.lang.NullPointerException">
      <![CDATA[java.lang.NullPointerException
at rahulshettybreakdown.testcomponent.BaseClass.tearDown(BaseClass.java:76)
... Removed 28 stack frames]]>
    </failure>
  </testcase> <!-- @AfterMethod tearDown -->
  <testcase name="@BeforeMethod LaunchApplication" time="0.001" classname="rahulshettybreakdown.testcomponent.BaseClass">
    <failure type="java.io.FileNotFoundException" message="C:\Users\SAYAN\eclipse-workspace_updated\RahulShettyBreakdown\src\main\java\rahulshettyframework\resources\GlobalData.properties (The system cannot find the path specified)">
      <![CDATA[java.io.FileNotFoundException: C:\Users\SAYAN\eclipse-workspace_updated\RahulShettyBreakdown\src\main\java\rahulshettyframework\resources\GlobalData.properties (The system cannot find the path specified)
at java.io.FileInputStream.open0(Native Method)
at java.io.FileInputStream.open(Unknown Source)
at java.io.FileInputStream.<init>(Unknown Source)
at java.io.FileInputStream.<init>(Unknown Source)
at rahulshettybreakdown.testcomponent.BaseClass.InitializeDriver(BaseClass.java:34)
at rahulshettybreakdown.testcomponent.BaseClass.LaunchApplication(BaseClass.java:66)
... Removed 28 stack frames]]>
    </failure>
  </testcase> <!-- @BeforeMethod LaunchApplication -->
  <testcase name="@AfterMethod tearDown" time="0.0" classname="rahulshettybreakdown.testcomponent.BaseClass">
    <failure type="java.lang.NullPointerException">
      <![CDATA[java.lang.NullPointerException
at rahulshettybreakdown.testcomponent.BaseClass.tearDown(BaseClass.java:76)
... Removed 28 stack frames]]>
    </failure>
  </testcase> <!-- @AfterMethod tearDown -->
  <testcase name="SubmitOrder" time="0.0" classname="rahulshettybreakdown.stepdefinations.SubmitOrderTest">
    <skipped/>
  </testcase> <!-- SubmitOrder -->
  <testcase name="SubmitOrder" time="0.0" classname="rahulshettybreakdown.stepdefinations.SubmitOrderTest">
    <skipped/>
  </testcase> <!-- SubmitOrder -->
  <testcase name="ValidateOrder" time="0.0" classname="rahulshettybreakdown.stepdefinations.SubmitOrderTest">
    <skipped/>
  </testcase> <!-- ValidateOrder -->
  <testcase name="ErrorValidationLogin" time="0.0" classname="rahulshettybreakdown.stepdefinations.ErrorValidationTest">
    <skipped/>
  </testcase> <!-- ErrorValidationLogin -->
  <testcase name="SubmitOrder" time="0.002" classname="rahulshettybreakdown.stepdefinations.ErrorValidationTest">
    <skipped/>
  </testcase> <!-- SubmitOrder -->
</testsuite> <!-- Test -->
